# JRE version: Java(TM) SE Runtime Environment (8.0_20-b26) (build 1.8.0_20-b26)
# Java VM: Java HotSpot(TM) 64-Bit Server VM (25.20-b23 mixed mode linux-amd64 compressed oops)
Heap:
 PSYoungGen      total 204288K, used 26777K [0x00000000ebb00000, 0x00000000fac00000, 0x0000000100000000)
  eden space 161792K, 0% used [0x00000000ebb00000,0x00000000ebb00000,0x00000000f5900000)
  from space 42496K, 63% used [0x00000000f8280000,0x00000000f9ca6538,0x00000000fac00000)
  to   space 28160K, 0% used [0x00000000f6580000,0x00000000f6580000,0x00000000f8100000)
 ParOldGen       total 84480K, used 47783K [0x00000000c3000000, 0x00000000c8280000, 0x00000000ebb00000)
  object space 84480K, 56% used [0x00000000c3000000,0x00000000c5ea9eb8,0x00000000c8280000)
 Metaspace       used 9438K, capacity 9558K, committed 9728K, reserved 1058816K
  class space    used 883K, capacity 924K, committed 1024K, reserved 1048576K
GC Heap History (10 events):
Event: 58.954 GC heap after
Heap after GC invocations=29 (full 2):
 PSYoungGen      total 214016K, used 27150K [0x00000000ebb00000, 0x00000000fd880000, 0x0000000100000000)
  eden space 163840K, 0% used [0x00000000ebb00000,0x00000000ebb00000,0x00000000f5b00000)
  from space 50176K, 54% used [0x00000000f5b00000,0x00000000f7583838,0x00000000f8c00000)
  to   space 48640K, 0% used [0x00000000fa900000,0x00000000fa900000,0x00000000fd880000)
 ParOldGen       total 84480K, used 47407K [0x00000000c3000000, 0x00000000c8280000, 0x00000000ebb00000)
  object space 84480K, 56% used [0x00000000c3000000,0x00000000c5e4bf60,0x00000000c8280000)
 Metaspace       used 9430K, capacity 9558K, committed 9728K, reserved 1058816K
  class space    used 883K, capacity 924K, committed 1024K, reserved 1048576K
}
Event: 62.261 GC heap before
{Heap before GC invocations=30 (full 2):
 PSYoungGen      total 214016K, used 190990K [0x00000000ebb00000, 0x00000000fd880000, 0x0000000100000000)
  eden space 163840K, 100% used [0x00000000ebb00000,0x00000000f5b00000,0x00000000f5b00000)
  from space 50176K, 54% used [0x00000000f5b00000,0x00000000f7583838,0x00000000f8c00000)
  to   space 48640K, 0% used [0x00000000fa900000,0x00000000fa900000,0x00000000fd880000)
 ParOldGen       total 84480K, used 47407K [0x00000000c3000000, 0x00000000c8280000, 0x00000000ebb00000)
  object space 84480K, 56% used [0x00000000c3000000,0x00000000c5e4bf60,0x00000000c8280000)
 Metaspace       used 9434K, capacity 9558K, committed 9728K, reserved 1058816K
  class space    used 883K, capacity 924K, committed 1024K, reserved 1048576K
Event: 62.278 GC heap after
Heap after GC invocations=30 (full 2):
 PSYoungGen      total 184320K, used 27107K [0x00000000ebb00000, 0x00000000fc380000, 0x0000000100000000)
  eden space 157184K, 0% used [0x00000000ebb00000,0x00000000ebb00000,0x00000000f5480000)
  from space 27136K, 99% used [0x00000000fa900000,0x00000000fc378da8,0x00000000fc380000)
  to   space 47104K, 0% used [0x00000000f6780000,0x00000000f6780000,0x00000000f9580000)
 ParOldGen       total 84480K, used 47463K [0x00000000c3000000, 0x00000000c8280000, 0x00000000ebb00000)
  object space 84480K, 56% used [0x00000000c3000000,0x00000000c5e59f60,0x00000000c8280000)
 Metaspace       used 9434K, capacity 9558K, committed 9728K, reserved 1058816K
  class space    used 883K, capacity 924K, committed 1024K, reserved 1048576K
}
Event: 64.443 GC heap before
{Heap before GC invocations=31 (full 2):
 PSYoungGen      total 184320K, used 184291K [0x00000000ebb00000, 0x00000000fc380000, 0x0000000100000000)
  eden space 157184K, 100% used [0x00000000ebb00000,0x00000000f5480000,0x00000000f5480000)
  from space 27136K, 99% used [0x00000000fa900000,0x00000000fc378da8,0x00000000fc380000)
  to   space 47104K, 0% used [0x00000000f6780000,0x00000000f6780000,0x00000000f9580000)
 ParOldGen       total 84480K, used 47463K [0x00000000c3000000, 0x00000000c8280000, 0x00000000ebb00000)
  object space 84480K, 56% used [0x00000000c3000000,0x00000000c5e59f60,0x00000000c8280000)
 Metaspace       used 9434K, capacity 9558K, committed 9728K, reserved 1058816K
  class space    used 883K, capacity 924K, committed 1024K, reserved 1048576K
Event: 64.460 GC heap after
Heap after GC invocations=31 (full 2):
 PSYoungGen      total 223744K, used 26031K [0x00000000ebb00000, 0x00000000fcb80000, 0x0000000100000000)
  eden space 176640K, 0% used [0x00000000ebb00000,0x00000000ebb00000,0x00000000f6780000)
  from space 47104K, 55% used [0x00000000f6780000,0x00000000f80ebeb8,0x00000000f9580000)
  to   space 45568K, 0% used [0x00000000f9f00000,0x00000000f9f00000,0x00000000fcb80000)
 ParOldGen       total 84480K, used 47549K [0x00000000c3000000, 0x00000000c8280000, 0x00000000ebb00000)
  object space 84480K, 56% used [0x00000000c3000000,0x00000000c5e6f468,0x00000000c8280000)
 Metaspace       used 9434K, capacity 9558K, committed 9728K, reserved 1058816K
  class space    used 883K, capacity 924K, committed 1024K, reserved 1048576K
}
Event: 66.892 GC heap before
{Heap before GC invocations=32 (full 2):
 PSYoungGen      total 223744K, used 202671K [0x00000000ebb00000, 0x00000000fcb80000, 0x0000000100000000)
  eden space 176640K, 100% used [0x00000000ebb00000,0x00000000f6780000,0x00000000f6780000)
  from space 47104K, 55% used [0x00000000f6780000,0x00000000f80ebeb8,0x00000000f9580000)
  to   space 45568K, 0% used [0x00000000f9f00000,0x00000000f9f00000,0x00000000fcb80000)
 ParOldGen       total 84480K, used 47549K [0x00000000c3000000, 0x00000000c8280000, 0x00000000ebb00000)
  object space 84480K, 56% used [0x00000000c3000000,0x00000000c5e6f468,0x00000000c8280000)
 Metaspace       used 9437K, capacity 9558K, committed 9728K, reserved 1058816K
  class space    used 883K, capacity 924K, committed 1024K, reserved 1048576K
Event: 66.908 GC heap after
Heap after GC invocations=32 (full 2):
 PSYoungGen      total 198144K, used 29163K [0x00000000ebb00000, 0x00000000fbb80000, 0x0000000100000000)
  eden space 168960K, 0% used [0x00000000ebb00000,0x00000000ebb00000,0x00000000f6000000)
  from space 29184K, 99% used [0x00000000f9f00000,0x00000000fbb7acb0,0x00000000fbb80000)
  to   space 44032K, 0% used [0x00000000f6580000,0x00000000f6580000,0x00000000f9080000)
 ParOldGen       total 84480K, used 47626K [0x00000000c3000000, 0x00000000c8280000, 0x00000000ebb00000)
  object space 84480K, 56% used [0x00000000c3000000,0x00000000c5e82970,0x00000000c8280000)
 Metaspace       used 9437K, capacity 9558K, committed 9728K, reserved 1058816K
  class space    used 883K, capacity 924K, committed 1024K, reserved 1048576K
}
Event: 70.035 GC heap before
{Heap before GC invocations=33 (full 2):
 PSYoungGen      total 198144K, used 198123K [0x00000000ebb00000, 0x00000000fbb80000, 0x0000000100000000)
  eden space 168960K, 100% used [0x00000000ebb00000,0x00000000f6000000,0x00000000f6000000)
  from space 29184K, 99% used [0x00000000f9f00000,0x00000000fbb7acb0,0x00000000fbb80000)
  to   space 44032K, 0% used [0x00000000f6580000,0x00000000f6580000,0x00000000f9080000)
 ParOldGen       total 84480K, used 47626K [0x00000000c3000000, 0x00000000c8280000, 0x00000000ebb00000)
  object space 84480K, 56% used [0x00000000c3000000,0x00000000c5e82970,0x00000000c8280000)
 Metaspace       used 9437K, capacity 9558K, committed 9728K, reserved 1058816K
  class space    used 883K, capacity 924K, committed 1024K, reserved 1048576K
Event: 70.050 GC heap after
Heap after GC invocations=33 (full 2):
 PSYoungGen      total 189952K, used 27970K [0x00000000ebb00000, 0x00000000fac00000, 0x0000000100000000)
  eden space 161792K, 0% used [0x00000000ebb00000,0x00000000ebb00000,0x00000000f5900000)
  from space 28160K, 99% used [0x00000000f6580000,0x00000000f80d0908,0x00000000f8100000)
  to   space 42496K, 0% used [0x00000000f8280000,0x00000000f8280000,0x00000000fac00000)
 ParOldGen       total 84480K, used 47698K [0x00000000c3000000, 0x00000000c8280000, 0x00000000ebb00000)
  object space 84480K, 56% used [0x00000000c3000000,0x00000000c5e94970,0x00000000c8280000)
 Metaspace       used 9437K, capacity 9558K, committed 9728K, reserved 1058816K
  class space    used 883K, capacity 924K, committed 1024K, reserved 1048576K
}
Event: 83.958 GC heap before
{Heap before GC invocations=34 (full 2):
 PSYoungGen      total 189952K, used 189762K [0x00000000ebb00000, 0x00000000fac00000, 0x0000000100000000)
  eden space 161792K, 100% used [0x00000000ebb00000,0x00000000f5900000,0x00000000f5900000)
  from space 28160K, 99% used [0x00000000f6580000,0x00000000f80d0908,0x00000000f8100000)
  to   space 42496K, 0% used [0x00000000f8280000,0x00000000f8280000,0x00000000fac00000)
 ParOldGen       total 84480K, used 47698K [0x00000000c3000000, 0x00000000c8280000, 0x00000000ebb00000)
  object space 84480K, 56% used [0x00000000c3000000,0x00000000c5e94970,0x00000000c8280000)
 Metaspace       used 9438K, capacity 9558K, committed 9728K, reserved 1058816K
  class space    used 883K, capacity 924K, committed 1024K, reserved 1048576K

